2020-11-08 17:18:39,753 p=114 u=root n=ansible | [WARNING]: Unable to parse /home/andreas/ansible-bastion-host/inventory as an inventory source

2020-11-08 17:18:39,754 p=114 u=root n=ansible | [WARNING]: No inventory was parsed, only implicit localhost is available

2020-11-08 17:18:39,762 p=114 u=root n=ansible | [WARNING]: provided hosts list is empty, only localhost is available. Note that the implicit localhost does not match
'all'

2020-11-08 17:19:17,048 p=130 u=root n=ansible | [WARNING]: Unable to parse /home/andreas/ansible-bastion-host/inventoies as an inventory source

2020-11-08 17:19:17,059 p=130 u=root n=ansible | [WARNING]: No inventory was parsed, only implicit localhost is available

2020-11-08 17:19:17,069 p=130 u=root n=ansible | [WARNING]: provided hosts list is empty, only localhost is available. Note that the implicit localhost does not match
'all'

2020-11-08 17:19:21,382 p=137 u=root n=ansible | [WARNING]: Unable to parse /home/andreas/ansible-bastion-host/inventoies as an inventory source

2020-11-08 17:19:21,382 p=137 u=root n=ansible | [WARNING]: No inventory was parsed, only implicit localhost is available

2020-11-08 17:19:21,396 p=137 u=root n=ansible | [WARNING]: provided hosts list is empty, only localhost is available. Note that the implicit localhost does not match
'all'

2020-11-08 17:20:15,591 p=146 u=root n=ansible | 192.168.0.50 | UNREACHABLE! => {
    "changed": false, 
    "msg": "Failed to connect to the host via ssh: Warning: Permanently added '192.168.0.50' (ECDSA) to the list of known hosts.\r\npi@192.168.0.50: Permission denied (publickey,password).", 
    "unreachable": true
}
2020-11-08 17:22:08,344 p=165 u=root n=ansible | 192.168.0.50 | FAILED! => {
    "msg": "to use the 'ssh' connection type with passwords, you must install the sshpass program"
}
2020-11-08 17:24:09,927 p=329 u=root n=ansible | [DEPRECATION WARNING]: Distribution debian 10.4 on host 192.168.0.50 should use /usr/bin/python3, but is using 
/usr/bin/python for backward compatibility with prior Ansible releases. A future Ansible release will default to using 
the discovered platform python for this host. See 
https://docs.ansible.com/ansible/2.10/reference_appendices/interpreter_discovery.html for more information. This 
feature will be removed in version 2.12. Deprecation warnings can be disabled by setting deprecation_warnings=False in 
ansible.cfg.
2020-11-08 17:24:09,936 p=329 u=root n=ansible | 192.168.0.50 | SUCCESS => {
    "ansible_facts": {
        "discovered_interpreter_python": "/usr/bin/python"
    }, 
    "changed": false, 
    "ping": "pong"
}
